{
  "/Users/idamatre/Documents/Var22/PU/kode/swap/swap/src/firebase-config.js": {
    "path": "/Users/idamatre/Documents/Var22/PU/kode/swap/swap/src/firebase-config.js",
    "statementMap": {
      "0": {
        "start": {
          "line": 5,
          "column": 23
        },
        "end": {
          "line": 13,
          "column": 1
        }
      },
      "1": {
        "start": {
          "line": 15,
          "column": 12
        },
        "end": {
          "line": 15,
          "column": 41
        }
      },
      "2": {
        "start": {
          "line": 17,
          "column": 11
        },
        "end": {
          "line": 17,
          "column": 28
        }
      },
      "3": {
        "start": {
          "line": 18,
          "column": 13
        },
        "end": {
          "line": 18,
          "column": 25
        }
      },
      "4": {
        "start": {
          "line": 22,
          "column": 34
        },
        "end": {
          "line": 52,
          "column": 1
        }
      },
      "5": {
        "start": {
          "line": 23,
          "column": 1
        },
        "end": {
          "line": 23,
          "column": 19
        }
      },
      "6": {
        "start": {
          "line": 23,
          "column": 12
        },
        "end": {
          "line": 23,
          "column": 19
        }
      },
      "7": {
        "start": {
          "line": 25,
          "column": 13
        },
        "end": {
          "line": 25,
          "column": 21
        }
      },
      "8": {
        "start": {
          "line": 26,
          "column": 1
        },
        "end": {
          "line": 26,
          "column": 18
        }
      },
      "9": {
        "start": {
          "line": 28,
          "column": 1
        },
        "end": {
          "line": 28,
          "column": 19
        }
      },
      "10": {
        "start": {
          "line": 30,
          "column": 17
        },
        "end": {
          "line": 30,
          "column": 45
        }
      },
      "11": {
        "start": {
          "line": 32,
          "column": 18
        },
        "end": {
          "line": 32,
          "column": 39
        }
      },
      "12": {
        "start": {
          "line": 36,
          "column": 1
        },
        "end": {
          "line": 51,
          "column": 2
        }
      },
      "13": {
        "start": {
          "line": 39,
          "column": 2
        },
        "end": {
          "line": 39,
          "column": 21
        }
      },
      "14": {
        "start": {
          "line": 41,
          "column": 2
        },
        "end": {
          "line": 50,
          "column": 3
        }
      },
      "15": {
        "start": {
          "line": 42,
          "column": 3
        },
        "end": {
          "line": 42,
          "column": 29
        }
      },
      "16": {
        "start": {
          "line": 43,
          "column": 3
        },
        "end": {
          "line": 47,
          "column": 6
        }
      },
      "17": {
        "start": {
          "line": 49,
          "column": 3
        },
        "end": {
          "line": 49,
          "column": 22
        }
      }
    },
    "fnMap": {
      "0": {
        "name": "(anonymous_0)",
        "decl": {
          "start": {
            "line": 22,
            "column": 34
          },
          "end": {
            "line": 22,
            "column": 35
          }
        },
        "loc": {
          "start": {
            "line": 22,
            "column": 76
          },
          "end": {
            "line": 52,
            "column": 1
          }
        },
        "line": 22
      }
    },
    "branchMap": {
      "0": {
        "loc": {
          "start": {
            "line": 23,
            "column": 1
          },
          "end": {
            "line": 23,
            "column": 19
          }
        },
        "type": "if",
        "locations": [
          {
            "start": {
              "line": 23,
              "column": 1
            },
            "end": {
              "line": 23,
              "column": 19
            }
          },
          {
            "start": {
              "line": 23,
              "column": 1
            },
            "end": {
              "line": 23,
              "column": 19
            }
          }
        ],
        "line": 23
      },
      "1": {
        "loc": {
          "start": {
            "line": 36,
            "column": 1
          },
          "end": {
            "line": 51,
            "column": 2
          }
        },
        "type": "if",
        "locations": [
          {
            "start": {
              "line": 36,
              "column": 1
            },
            "end": {
              "line": 51,
              "column": 2
            }
          },
          {
            "start": {
              "line": 36,
              "column": 1
            },
            "end": {
              "line": 51,
              "column": 2
            }
          }
        ],
        "line": 36
      }
    },
    "s": {
      "0": 10,
      "1": 10,
      "2": 10,
      "3": 10,
      "4": 10,
      "5": 0,
      "6": 0,
      "7": 0,
      "8": 0,
      "9": 0,
      "10": 0,
      "11": 0,
      "12": 0,
      "13": 0,
      "14": 0,
      "15": 0,
      "16": 0,
      "17": 0
    },
    "f": {
      "0": 0
    },
    "b": {
      "0": [
        0,
        0
      ],
      "1": [
        0,
        0
      ]
    },
    "_coverageSchema": "1a1c01bbd47fc00a2c39e90264f33305004495a9",
    "hash": "40f907bb099d4a9b5e5c900441367ccf959e3b61"
  },
  "/Users/idamatre/Documents/Var22/PU/kode/swap/swap/src/components/AddPost.js": {
    "path": "/Users/idamatre/Documents/Var22/PU/kode/swap/swap/src/components/AddPost.js",
    "statementMap": {
      "0": {
        "start": {
          "line": 20,
          "column": 14
        },
        "end": {
          "line": 30,
          "column": 1
        }
      },
      "1": {
        "start": {
          "line": 33,
          "column": 13
        },
        "end": {
          "line": 33,
          "column": 23
        }
      },
      "2": {
        "start": {
          "line": 34,
          "column": 13
        },
        "end": {
          "line": 34,
          "column": 33
        }
      },
      "3": {
        "start": {
          "line": 36,
          "column": 1
        },
        "end": {
          "line": 38,
          "column": 2
        }
      },
      "4": {
        "start": {
          "line": 37,
          "column": 2
        },
        "end": {
          "line": 37,
          "column": 22
        }
      },
      "5": {
        "start": {
          "line": 40,
          "column": 12
        },
        "end": {
          "line": 40,
          "column": 69
        }
      },
      "6": {
        "start": {
          "line": 42,
          "column": 41
        },
        "end": {
          "line": 42,
          "column": 55
        }
      },
      "7": {
        "start": {
          "line": 44,
          "column": 26
        },
        "end": {
          "line": 47,
          "column": 2
        }
      },
      "8": {
        "start": {
          "line": 45,
          "column": 2
        },
        "end": {
          "line": 45,
          "column": 38
        }
      },
      "9": {
        "start": {
          "line": 46,
          "column": 2
        },
        "end": {
          "line": 46,
          "column": 33
        }
      },
      "10": {
        "start": {
          "line": 48,
          "column": 25
        },
        "end": {
          "line": 48,
          "column": 46
        }
      },
      "11": {
        "start": {
          "line": 49,
          "column": 20
        },
        "end": {
          "line": 49,
          "column": 39
        }
      },
      "12": {
        "start": {
          "line": 49,
          "column": 26
        },
        "end": {
          "line": 49,
          "column": 39
        }
      },
      "13": {
        "start": {
          "line": 50,
          "column": 21
        },
        "end": {
          "line": 50,
          "column": 41
        }
      },
      "14": {
        "start": {
          "line": 50,
          "column": 27
        },
        "end": {
          "line": 50,
          "column": 41
        }
      },
      "15": {
        "start": {
          "line": 52,
          "column": 27
        },
        "end": {
          "line": 52,
          "column": 51
        }
      },
      "16": {
        "start": {
          "line": 54,
          "column": 33
        },
        "end": {
          "line": 54,
          "column": 45
        }
      },
      "17": {
        "start": {
          "line": 55,
          "column": 45
        },
        "end": {
          "line": 55,
          "column": 57
        }
      },
      "18": {
        "start": {
          "line": 56,
          "column": 31
        },
        "end": {
          "line": 56,
          "column": 45
        }
      },
      "19": {
        "start": {
          "line": 57,
          "column": 41
        },
        "end": {
          "line": 57,
          "column": 51
        }
      },
      "20": {
        "start": {
          "line": 58,
          "column": 39
        },
        "end": {
          "line": 58,
          "column": 51
        }
      },
      "21": {
        "start": {
          "line": 59,
          "column": 33
        },
        "end": {
          "line": 59,
          "column": 45
        }
      },
      "22": {
        "start": {
          "line": 60,
          "column": 33
        },
        "end": {
          "line": 60,
          "column": 44
        }
      },
      "23": {
        "start": {
          "line": 61,
          "column": 37
        },
        "end": {
          "line": 61,
          "column": 51
        }
      },
      "24": {
        "start": {
          "line": 63,
          "column": 28
        },
        "end": {
          "line": 63,
          "column": 51
        }
      },
      "25": {
        "start": {
          "line": 65,
          "column": 22
        },
        "end": {
          "line": 88,
          "column": 2
        }
      },
      "26": {
        "start": {
          "line": 66,
          "column": 2
        },
        "end": {
          "line": 87,
          "column": 3
        }
      },
      "27": {
        "start": {
          "line": 73,
          "column": 3
        },
        "end": {
          "line": 85,
          "column": 6
        }
      },
      "28": {
        "start": {
          "line": 86,
          "column": 3
        },
        "end": {
          "line": 86,
          "column": 18
        }
      },
      "29": {
        "start": {
          "line": 90,
          "column": 18
        },
        "end": {
          "line": 111,
          "column": 2
        }
      },
      "30": {
        "start": {
          "line": 113,
          "column": 25
        },
        "end": {
          "line": 113,
          "column": 50
        }
      },
      "31": {
        "start": {
          "line": 115,
          "column": 26
        },
        "end": {
          "line": 118,
          "column": 2
        }
      },
      "32": {
        "start": {
          "line": 116,
          "column": 2
        },
        "end": {
          "line": 116,
          "column": 30
        }
      },
      "33": {
        "start": {
          "line": 117,
          "column": 2
        },
        "end": {
          "line": 117,
          "column": 38
        }
      },
      "34": {
        "start": {
          "line": 120,
          "column": 22
        },
        "end": {
          "line": 137,
          "column": 2
        }
      },
      "35": {
        "start": {
          "line": 139,
          "column": 33
        },
        "end": {
          "line": 139,
          "column": 55
        }
      },
      "36": {
        "start": {
          "line": 141,
          "column": 30
        },
        "end": {
          "line": 144,
          "column": 2
        }
      },
      "37": {
        "start": {
          "line": 142,
          "column": 2
        },
        "end": {
          "line": 142,
          "column": 34
        }
      },
      "38": {
        "start": {
          "line": 143,
          "column": 2
        },
        "end": {
          "line": 143,
          "column": 37
        }
      },
      "39": {
        "start": {
          "line": 146,
          "column": 22
        },
        "end": {
          "line": 154,
          "column": 2
        }
      },
      "40": {
        "start": {
          "line": 147,
          "column": 2
        },
        "end": {
          "line": 147,
          "column": 31
        }
      },
      "41": {
        "start": {
          "line": 148,
          "column": 2
        },
        "end": {
          "line": 153,
          "column": 3
        }
      },
      "42": {
        "start": {
          "line": 149,
          "column": 3
        },
        "end": {
          "line": 149,
          "column": 21
        }
      },
      "43": {
        "start": {
          "line": 150,
          "column": 3
        },
        "end": {
          "line": 150,
          "column": 24
        }
      },
      "44": {
        "start": {
          "line": 151,
          "column": 9
        },
        "end": {
          "line": 153,
          "column": 3
        }
      },
      "45": {
        "start": {
          "line": 152,
          "column": 3
        },
        "end": {
          "line": 152,
          "column": 23
        }
      },
      "46": {
        "start": {
          "line": 156,
          "column": 1
        },
        "end": {
          "line": 319,
          "column": 3
        }
      },
      "47": {
        "start": {
          "line": 221,
          "column": 8
        },
        "end": {
          "line": 221,
          "column": 40
        }
      },
      "48": {
        "start": {
          "line": 234,
          "column": 8
        },
        "end": {
          "line": 234,
          "column": 46
        }
      },
      "49": {
        "start": {
          "line": 250,
          "column": 8
        },
        "end": {
          "line": 252,
          "column": 19
        }
      },
      "50": {
        "start": {
          "line": 280,
          "column": 9
        },
        "end": {
          "line": 280,
          "column": 41
        }
      },
      "51": {
        "start": {
          "line": 295,
          "column": 8
        },
        "end": {
          "line": 297,
          "column": 19
        }
      },
      "52": {
        "start": {
          "line": 309,
          "column": 8
        },
        "end": {
          "line": 309,
          "column": 40
        }
      }
    },
    "fnMap": {
      "0": {
        "name": "AddPost",
        "decl": {
          "start": {
            "line": 32,
            "column": 9
          },
          "end": {
            "line": 32,
            "column": 16
          }
        },
        "loc": {
          "start": {
            "line": 32,
            "column": 19
          },
          "end": {
            "line": 320,
            "column": 1
          }
        },
        "line": 32
      },
      "1": {
        "name": "(anonymous_1)",
        "decl": {
          "start": {
            "line": 44,
            "column": 26
          },
          "end": {
            "line": 44,
            "column": 27
          }
        },
        "loc": {
          "start": {
            "line": 44,
            "column": 37
          },
          "end": {
            "line": 47,
            "column": 2
          }
        },
        "line": 44
      },
      "2": {
        "name": "(anonymous_2)",
        "decl": {
          "start": {
            "line": 49,
            "column": 20
          },
          "end": {
            "line": 49,
            "column": 21
          }
        },
        "loc": {
          "start": {
            "line": 49,
            "column": 26
          },
          "end": {
            "line": 49,
            "column": 39
          }
        },
        "line": 49
      },
      "3": {
        "name": "(anonymous_3)",
        "decl": {
          "start": {
            "line": 50,
            "column": 21
          },
          "end": {
            "line": 50,
            "column": 22
          }
        },
        "loc": {
          "start": {
            "line": 50,
            "column": 27
          },
          "end": {
            "line": 50,
            "column": 41
          }
        },
        "line": 50
      },
      "4": {
        "name": "(anonymous_4)",
        "decl": {
          "start": {
            "line": 65,
            "column": 22
          },
          "end": {
            "line": 65,
            "column": 23
          }
        },
        "loc": {
          "start": {
            "line": 65,
            "column": 34
          },
          "end": {
            "line": 88,
            "column": 2
          }
        },
        "line": 65
      },
      "5": {
        "name": "(anonymous_5)",
        "decl": {
          "start": {
            "line": 115,
            "column": 26
          },
          "end": {
            "line": 115,
            "column": 27
          }
        },
        "loc": {
          "start": {
            "line": 115,
            "column": 37
          },
          "end": {
            "line": 118,
            "column": 2
          }
        },
        "line": 115
      },
      "6": {
        "name": "(anonymous_6)",
        "decl": {
          "start": {
            "line": 141,
            "column": 30
          },
          "end": {
            "line": 141,
            "column": 31
          }
        },
        "loc": {
          "start": {
            "line": 141,
            "column": 41
          },
          "end": {
            "line": 144,
            "column": 2
          }
        },
        "line": 141
      },
      "7": {
        "name": "(anonymous_7)",
        "decl": {
          "start": {
            "line": 146,
            "column": 22
          },
          "end": {
            "line": 146,
            "column": 23
          }
        },
        "loc": {
          "start": {
            "line": 146,
            "column": 33
          },
          "end": {
            "line": 154,
            "column": 2
          }
        },
        "line": 146
      },
      "8": {
        "name": "(anonymous_8)",
        "decl": {
          "start": {
            "line": 220,
            "column": 17
          },
          "end": {
            "line": 220,
            "column": 18
          }
        },
        "loc": {
          "start": {
            "line": 220,
            "column": 28
          },
          "end": {
            "line": 222,
            "column": 8
          }
        },
        "line": 220
      },
      "9": {
        "name": "(anonymous_9)",
        "decl": {
          "start": {
            "line": 233,
            "column": 17
          },
          "end": {
            "line": 233,
            "column": 18
          }
        },
        "loc": {
          "start": {
            "line": 233,
            "column": 28
          },
          "end": {
            "line": 235,
            "column": 8
          }
        },
        "line": 233
      },
      "10": {
        "name": "(anonymous_10)",
        "decl": {
          "start": {
            "line": 249,
            "column": 21
          },
          "end": {
            "line": 249,
            "column": 22
          }
        },
        "loc": {
          "start": {
            "line": 250,
            "column": 8
          },
          "end": {
            "line": 252,
            "column": 19
          }
        },
        "line": 250
      },
      "11": {
        "name": "(anonymous_11)",
        "decl": {
          "start": {
            "line": 279,
            "column": 18
          },
          "end": {
            "line": 279,
            "column": 19
          }
        },
        "loc": {
          "start": {
            "line": 279,
            "column": 29
          },
          "end": {
            "line": 281,
            "column": 9
          }
        },
        "line": 279
      },
      "12": {
        "name": "(anonymous_12)",
        "decl": {
          "start": {
            "line": 294,
            "column": 25
          },
          "end": {
            "line": 294,
            "column": 26
          }
        },
        "loc": {
          "start": {
            "line": 295,
            "column": 8
          },
          "end": {
            "line": 297,
            "column": 19
          }
        },
        "line": 295
      },
      "13": {
        "name": "(anonymous_13)",
        "decl": {
          "start": {
            "line": 308,
            "column": 17
          },
          "end": {
            "line": 308,
            "column": 18
          }
        },
        "loc": {
          "start": {
            "line": 308,
            "column": 28
          },
          "end": {
            "line": 310,
            "column": 8
          }
        },
        "line": 308
      }
    },
    "branchMap": {
      "0": {
        "loc": {
          "start": {
            "line": 36,
            "column": 1
          },
          "end": {
            "line": 38,
            "column": 2
          }
        },
        "type": "if",
        "locations": [
          {
            "start": {
              "line": 36,
              "column": 1
            },
            "end": {
              "line": 38,
              "column": 2
            }
          },
          {
            "start": {
              "line": 36,
              "column": 1
            },
            "end": {
              "line": 38,
              "column": 2
            }
          }
        ],
        "line": 36
      },
      "1": {
        "loc": {
          "start": {
            "line": 66,
            "column": 2
          },
          "end": {
            "line": 87,
            "column": 3
          }
        },
        "type": "if",
        "locations": [
          {
            "start": {
              "line": 66,
              "column": 2
            },
            "end": {
              "line": 87,
              "column": 3
            }
          },
          {
            "start": {
              "line": 66,
              "column": 2
            },
            "end": {
              "line": 87,
              "column": 3
            }
          }
        ],
        "line": 66
      },
      "2": {
        "loc": {
          "start": {
            "line": 67,
            "column": 3
          },
          "end": {
            "line": 71,
            "column": 20
          }
        },
        "type": "binary-expr",
        "locations": [
          {
            "start": {
              "line": 67,
              "column": 3
            },
            "end": {
              "line": 67,
              "column": 17
            }
          },
          {
            "start": {
              "line": 68,
              "column": 3
            },
            "end": {
              "line": 68,
              "column": 16
            }
          },
          {
            "start": {
              "line": 69,
              "column": 3
            },
            "end": {
              "line": 69,
              "column": 21
            }
          },
          {
            "start": {
              "line": 70,
              "column": 3
            },
            "end": {
              "line": 70,
              "column": 17
            }
          },
          {
            "start": {
              "line": 71,
              "column": 3
            },
            "end": {
              "line": 71,
              "column": 20
            }
          }
        ],
        "line": 67
      },
      "3": {
        "loc": {
          "start": {
            "line": 148,
            "column": 2
          },
          "end": {
            "line": 153,
            "column": 3
          }
        },
        "type": "if",
        "locations": [
          {
            "start": {
              "line": 148,
              "column": 2
            },
            "end": {
              "line": 153,
              "column": 3
            }
          },
          {
            "start": {
              "line": 148,
              "column": 2
            },
            "end": {
              "line": 153,
              "column": 3
            }
          }
        ],
        "line": 148
      },
      "4": {
        "loc": {
          "start": {
            "line": 151,
            "column": 9
          },
          "end": {
            "line": 153,
            "column": 3
          }
        },
        "type": "if",
        "locations": [
          {
            "start": {
              "line": 151,
              "column": 9
            },
            "end": {
              "line": 153,
              "column": 3
            }
          },
          {
            "start": {
              "line": 151,
              "column": 9
            },
            "end": {
              "line": 153,
              "column": 3
            }
          }
        ],
        "line": 151
      },
      "5": {
        "loc": {
          "start": {
            "line": 211,
            "column": 6
          },
          "end": {
            "line": 211,
            "column": 34
          }
        },
        "type": "binary-expr",
        "locations": [
          {
            "start": {
              "line": 211,
              "column": 6
            },
            "end": {
              "line": 211,
              "column": 25
            }
          },
          {
            "start": {
              "line": 211,
              "column": 29
            },
            "end": {
              "line": 211,
              "column": 34
            }
          }
        ],
        "line": 211
      },
      "6": {
        "loc": {
          "start": {
            "line": 270,
            "column": 7
          },
          "end": {
            "line": 283,
            "column": 7
          }
        },
        "type": "binary-expr",
        "locations": [
          {
            "start": {
              "line": 270,
              "column": 7
            },
            "end": {
              "line": 270,
              "column": 27
            }
          },
          {
            "start": {
              "line": 271,
              "column": 7
            },
            "end": {
              "line": 282,
              "column": 9
            }
          }
        ],
        "line": 270
      }
    },
    "s": {
      "0": 10,
      "1": 1384,
      "2": 1384,
      "3": 1384,
      "4": 1384,
      "5": 1384,
      "6": 1384,
      "7": 1384,
      "8": 6,
      "9": 6,
      "10": 1384,
      "11": 1384,
      "12": 6,
      "13": 1384,
      "14": 0,
      "15": 1384,
      "16": 1384,
      "17": 1384,
      "18": 1384,
      "19": 1384,
      "20": 1384,
      "21": 1384,
      "22": 1384,
      "23": 1384,
      "24": 1384,
      "25": 1384,
      "26": 6,
      "27": 6,
      "28": 0,
      "29": 1384,
      "30": 1384,
      "31": 1384,
      "32": 6,
      "33": 6,
      "34": 1384,
      "35": 1384,
      "36": 1384,
      "37": 6,
      "38": 6,
      "39": 1384,
      "40": 6,
      "41": 6,
      "42": 6,
      "43": 6,
      "44": 0,
      "45": 0,
      "46": 1384,
      "47": 234,
      "48": 276,
      "49": 6920,
      "50": 24,
      "51": 5536,
      "52": 108
    },
    "f": {
      "0": 1384,
      "1": 6,
      "2": 6,
      "3": 0,
      "4": 6,
      "5": 6,
      "6": 6,
      "7": 6,
      "8": 234,
      "9": 276,
      "10": 6920,
      "11": 24,
      "12": 5536,
      "13": 108
    },
    "b": {
      "0": [
        1384,
        0
      ],
      "1": [
        6,
        0
      ],
      "2": [
        6,
        6,
        6,
        6,
        6
      ],
      "3": [
        6,
        0
      ],
      "4": [
        0,
        0
      ],
      "5": [
        1384,
        52
      ],
      "6": [
        1384,
        1332
      ]
    },
    "_coverageSchema": "1a1c01bbd47fc00a2c39e90264f33305004495a9",
    "hash": "412c926a0fce8c89f95f809697d50e7961ae8d79"
  },
  "/Users/idamatre/Documents/Var22/PU/kode/swap/swap/src/components/Navbar.js": {
    "path": "/Users/idamatre/Documents/Var22/PU/kode/swap/swap/src/components/Navbar.js",
    "statementMap": {
      "0": {
        "start": {
          "line": 13,
          "column": 33
        },
        "end": {
          "line": 13,
          "column": 48
        }
      },
      "1": {
        "start": {
          "line": 16,
          "column": 1
        },
        "end": {
          "line": 18,
          "column": 12
        }
      },
      "2": {
        "start": {
          "line": 17,
          "column": 2
        },
        "end": {
          "line": 17,
          "column": 21
        }
      },
      "3": {
        "start": {
          "line": 20,
          "column": 18
        },
        "end": {
          "line": 20,
          "column": 31
        }
      },
      "4": {
        "start": {
          "line": 23,
          "column": 2
        },
        "end": {
          "line": 23,
          "column": 16
        }
      },
      "5": {
        "start": {
          "line": 27,
          "column": 2
        },
        "end": {
          "line": 27,
          "column": 23
        }
      },
      "6": {
        "start": {
          "line": 32,
          "column": 2
        },
        "end": {
          "line": 32,
          "column": 27
        }
      },
      "7": {
        "start": {
          "line": 35,
          "column": 21
        },
        "end": {
          "line": 37,
          "column": 2
        }
      },
      "8": {
        "start": {
          "line": 36,
          "column": 2
        },
        "end": {
          "line": 36,
          "column": 21
        }
      },
      "9": {
        "start": {
          "line": 39,
          "column": 35
        },
        "end": {
          "line": 39,
          "column": 50
        }
      },
      "10": {
        "start": {
          "line": 41,
          "column": 1
        },
        "end": {
          "line": 43,
          "column": 4
        }
      },
      "11": {
        "start": {
          "line": 42,
          "column": 2
        },
        "end": {
          "line": 42,
          "column": 17
        }
      },
      "12": {
        "start": {
          "line": 45,
          "column": 1
        },
        "end": {
          "line": 47,
          "column": 17
        }
      },
      "13": {
        "start": {
          "line": 46,
          "column": 2
        },
        "end": {
          "line": 46,
          "column": 9
        }
      },
      "14": {
        "start": {
          "line": 50,
          "column": 1
        },
        "end": {
          "line": 139,
          "column": 3
        }
      }
    },
    "fnMap": {
      "0": {
        "name": "Navbar",
        "decl": {
          "start": {
            "line": 12,
            "column": 24
          },
          "end": {
            "line": 12,
            "column": 30
          }
        },
        "loc": {
          "start": {
            "line": 12,
            "column": 33
          },
          "end": {
            "line": 140,
            "column": 1
          }
        },
        "line": 12
      },
      "1": {
        "name": "(anonymous_1)",
        "decl": {
          "start": {
            "line": 16,
            "column": 11
          },
          "end": {
            "line": 16,
            "column": 12
          }
        },
        "loc": {
          "start": {
            "line": 16,
            "column": 17
          },
          "end": {
            "line": 18,
            "column": 2
          }
        },
        "line": 16
      },
      "2": {
        "name": "handleClickHome",
        "decl": {
          "start": {
            "line": 22,
            "column": 10
          },
          "end": {
            "line": 22,
            "column": 25
          }
        },
        "loc": {
          "start": {
            "line": 22,
            "column": 28
          },
          "end": {
            "line": 24,
            "column": 2
          }
        },
        "line": 22
      },
      "3": {
        "name": "handleClickProfile",
        "decl": {
          "start": {
            "line": 26,
            "column": 10
          },
          "end": {
            "line": 26,
            "column": 28
          }
        },
        "loc": {
          "start": {
            "line": 26,
            "column": 31
          },
          "end": {
            "line": 28,
            "column": 2
          }
        },
        "line": 26
      },
      "4": {
        "name": "handleClickSignOut",
        "decl": {
          "start": {
            "line": 30,
            "column": 10
          },
          "end": {
            "line": 30,
            "column": 28
          }
        },
        "loc": {
          "start": {
            "line": 30,
            "column": 31
          },
          "end": {
            "line": 33,
            "column": 2
          }
        },
        "line": 30
      },
      "5": {
        "name": "(anonymous_5)",
        "decl": {
          "start": {
            "line": 35,
            "column": 21
          },
          "end": {
            "line": 35,
            "column": 22
          }
        },
        "loc": {
          "start": {
            "line": 35,
            "column": 27
          },
          "end": {
            "line": 37,
            "column": 2
          }
        },
        "line": 35
      },
      "6": {
        "name": "(anonymous_6)",
        "decl": {
          "start": {
            "line": 41,
            "column": 26
          },
          "end": {
            "line": 41,
            "column": 27
          }
        },
        "loc": {
          "start": {
            "line": 41,
            "column": 32
          },
          "end": {
            "line": 43,
            "column": 2
          }
        },
        "line": 41
      },
      "7": {
        "name": "(anonymous_7)",
        "decl": {
          "start": {
            "line": 45,
            "column": 11
          },
          "end": {
            "line": 45,
            "column": 12
          }
        },
        "loc": {
          "start": {
            "line": 45,
            "column": 17
          },
          "end": {
            "line": 47,
            "column": 2
          }
        },
        "line": 45
      }
    },
    "branchMap": {
      "0": {
        "loc": {
          "start": {
            "line": 82,
            "column": 5
          },
          "end": {
            "line": 96,
            "column": 5
          }
        },
        "type": "cond-expr",
        "locations": [
          {
            "start": {
              "line": 83,
              "column": 5
            },
            "end": {
              "line": 83,
              "column": 16
            }
          },
          {
            "start": {
              "line": 85,
              "column": 5
            },
            "end": {
              "line": 95,
              "column": 14
            }
          }
        ],
        "line": 82
      },
      "1": {
        "loc": {
          "start": {
            "line": 97,
            "column": 5
          },
          "end": {
            "line": 114,
            "column": 5
          }
        },
        "type": "binary-expr",
        "locations": [
          {
            "start": {
              "line": 97,
              "column": 5
            },
            "end": {
              "line": 97,
              "column": 33
            }
          },
          {
            "start": {
              "line": 98,
              "column": 5
            },
            "end": {
              "line": 113,
              "column": 17
            }
          }
        ],
        "line": 97
      },
      "2": {
        "loc": {
          "start": {
            "line": 115,
            "column": 5
          },
          "end": {
            "line": 136,
            "column": 12
          }
        },
        "type": "cond-expr",
        "locations": [
          {
            "start": {
              "line": 116,
              "column": 5
            },
            "end": {
              "line": 135,
              "column": 17
            }
          },
          {
            "start": {
              "line": 136,
              "column": 8
            },
            "end": {
              "line": 136,
              "column": 12
            }
          }
        ],
        "line": 115
      }
    },
    "s": {
      "0": 90,
      "1": 90,
      "2": 5,
      "3": 39,
      "4": 0,
      "5": 1,
      "6": 52,
      "7": 38,
      "8": 52,
      "9": 90,
      "10": 88,
      "11": 86,
      "12": 90,
      "13": 18,
      "14": 90
    },
    "f": {
      "0": 90,
      "1": 5,
      "2": 1,
      "3": 1,
      "4": 0,
      "5": 0,
      "6": 86,
      "7": 18
    },
    "b": {
      "0": [
        84,
        4
      ],
      "1": [
        86,
        38
      ],
      "2": [
        52,
        86
      ],
      "3": [
        18,
        34
      ]
    },
    "_coverageSchema": "1a1c01bbd47fc00a2c39e90264f33305004495a9",
    "hash": "14f743cbe0b63f365aefbc7df4dd2a9947766e96"
  },
  "/Users/idamatre/Documents/Var22/PU/kode/swap/swap/src/components/Footer.js": {
    "path": "/Users/idamatre/Documents/Var22/PU/kode/swap/swap/src/components/Footer.js",
    "statementMap": {
      "0": {
        "start": {
          "line": 6,
          "column": 15
        },
        "end": {
          "line": 57,
          "column": 1
        }
      },
      "1": {
        "start": {
          "line": 7,
          "column": 1
        },
        "end": {
          "line": 56,
          "column": 3
        }
      }
    },
    "fnMap": {
      "0": {
        "name": "(anonymous_0)",
        "decl": {
          "start": {
            "line": 6,
            "column": 15
          },
          "end": {
            "line": 6,
            "column": 16
          }
        },
        "loc": {
          "start": {
            "line": 6,
            "column": 21
          },
          "end": {
            "line": 57,
            "column": 1
          }
        },
        "line": 6
      }
    },
    "branchMap": {},
    "s": {
      "0": 10,
      "1": 36
    },
    "f": {
      "0": 36
    },
    "b": {},
    "_coverageSchema": "1a1c01bbd47fc00a2c39e90264f33305004495a9",
    "hash": "652d235cceb5bc631aed07b0254afb2b808835aa"
  },
  "/Users/idamatre/Documents/Var22/PU/kode/swap/swap/src/components/FilterSelect.js": {
    "path": "/Users/idamatre/Documents/Var22/PU/kode/swap/swap/src/components/FilterSelect.js",
    "statementMap": {
      "0": {
        "start": {
          "line": 8,
          "column": 25
        },
        "end": {
          "line": 8,
          "column": 37
        }
      },
      "1": {
        "start": {
          "line": 11,
          "column": 2
        },
        "end": {
          "line": 11,
          "column": 30
        }
      },
      "2": {
        "start": {
          "line": 14,
          "column": 1
        },
        "end": {
          "line": 34,
          "column": 3
        }
      },
      "3": {
        "start": {
          "line": 27,
          "column": 4
        },
        "end": {
          "line": 31,
          "column": 6
        }
      }
    },
    "fnMap": {
      "0": {
        "name": "FilterSelect",
        "decl": {
          "start": {
            "line": 7,
            "column": 24
          },
          "end": {
            "line": 7,
            "column": 36
          }
        },
        "loc": {
          "start": {
            "line": 7,
            "column": 44
          },
          "end": {
            "line": 35,
            "column": 1
          }
        },
        "line": 7
      },
      "1": {
        "name": "handleTypeChange",
        "decl": {
          "start": {
            "line": 10,
            "column": 10
          },
          "end": {
            "line": 10,
            "column": 26
          }
        },
        "loc": {
          "start": {
            "line": 10,
            "column": 34
          },
          "end": {
            "line": 12,
            "column": 2
          }
        },
        "line": 10
      },
      "2": {
        "name": "(anonymous_2)",
        "decl": {
          "start": {
            "line": 26,
            "column": 22
          },
          "end": {
            "line": 26,
            "column": 23
          }
        },
        "loc": {
          "start": {
            "line": 26,
            "column": 41
          },
          "end": {
            "line": 32,
            "column": 4
          }
        },
        "line": 26
      }
    },
    "branchMap": {
      "0": {
        "loc": {
          "start": {
            "line": 28,
            "column": 34
          },
          "end": {
            "line": 28,
            "column": 58
          }
        },
        "type": "cond-expr",
        "locations": [
          {
            "start": {
              "line": 28,
              "column": 48
            },
            "end": {
              "line": 28,
              "column": 50
            }
          },
          {
            "start": {
              "line": 28,
              "column": 53
            },
            "end": {
              "line": 28,
              "column": 58
            }
          }
        ],
        "line": 28
      }
    },
    "s": {
      "0": 96,
      "1": 0,
      "2": 96,
      "3": 384
    },
    "f": {
      "0": 96,
      "1": 0,
      "2": 384
    },
    "b": {
      "0": [
        96,
        288
      ]
    },
    "_coverageSchema": "1a1c01bbd47fc00a2c39e90264f33305004495a9",
    "hash": "645f7cdab69b947de6eda79b3ec0301a5cab50c9"
  },
  "/Users/idamatre/Documents/Var22/PU/kode/swap/swap/src/components/FilterMenu.js": {
    "path": "/Users/idamatre/Documents/Var22/PU/kode/swap/swap/src/components/FilterMenu.js",
    "statementMap": {
      "0": {
        "start": {
          "line": 11,
          "column": 37
        },
        "end": {
          "line": 11,
          "column": 49
        }
      },
      "1": {
        "start": {
          "line": 14,
          "column": 2
        },
        "end": {
          "line": 14,
          "column": 36
        }
      },
      "2": {
        "start": {
          "line": 18,
          "column": 2
        },
        "end": {
          "line": 18,
          "column": 26
        }
      },
      "3": {
        "start": {
          "line": 22,
          "column": 2
        },
        "end": {
          "line": 24,
          "column": 3
        }
      },
      "4": {
        "start": {
          "line": 23,
          "column": 3
        },
        "end": {
          "line": 23,
          "column": 18
        }
      },
      "5": {
        "start": {
          "line": 27,
          "column": 1
        },
        "end": {
          "line": 81,
          "column": 3
        }
      }
    },
    "fnMap": {
      "0": {
        "name": "FilterMenu",
        "decl": {
          "start": {
            "line": 10,
            "column": 24
          },
          "end": {
            "line": 10,
            "column": 34
          }
        },
        "loc": {
          "start": {
            "line": 10,
            "column": 37
          },
          "end": {
            "line": 82,
            "column": 1
          }
        },
        "line": 10
      },
      "1": {
        "name": "handleSearchChange",
        "decl": {
          "start": {
            "line": 13,
            "column": 10
          },
          "end": {
            "line": 13,
            "column": 28
          }
        },
        "loc": {
          "start": {
            "line": 13,
            "column": 36
          },
          "end": {
            "line": 15,
            "column": 2
          }
        },
        "line": 13
      },
      "2": {
        "name": "handleSearch",
        "decl": {
          "start": {
            "line": 17,
            "column": 10
          },
          "end": {
            "line": 17,
            "column": 22
          }
        },
        "loc": {
          "start": {
            "line": 17,
            "column": 25
          },
          "end": {
            "line": 19,
            "column": 2
          }
        },
        "line": 17
      },
      "3": {
        "name": "handleKeyDown",
        "decl": {
          "start": {
            "line": 21,
            "column": 10
          },
          "end": {
            "line": 21,
            "column": 23
          }
        },
        "loc": {
          "start": {
            "line": 21,
            "column": 31
          },
          "end": {
            "line": 25,
            "column": 2
          }
        },
        "line": 21
      }
    },
    "branchMap": {
      "0": {
        "loc": {
          "start": {
            "line": 22,
            "column": 2
          },
          "end": {
            "line": 24,
            "column": 3
          }
        },
        "type": "if",
        "locations": [
          {
            "start": {
              "line": 22,
              "column": 2
            },
            "end": {
              "line": 24,
              "column": 3
            }
          },
          {
            "start": {
              "line": 22,
              "column": 2
            },
            "end": {
              "line": 24,
              "column": 3
            }
          }
        ],
        "line": 22
      }
    },
    "s": {
      "0": 32,
      "1": 0,
      "2": 0,
      "3": 0,
      "4": 0,
      "5": 32
    },
    "f": {
      "0": 32,
      "1": 0,
      "2": 0,
      "3": 0
    },
    "b": {
      "0": [
        0,
        0
      ]
    },
    "_coverageSchema": "1a1c01bbd47fc00a2c39e90264f33305004495a9",
    "hash": "31689f57b8e876030dd50690ac6b62c140e68554"
  },
  "/Users/idamatre/Documents/Var22/PU/kode/swap/swap/src/components/getPosts.js": {
    "path": "/Users/idamatre/Documents/Var22/PU/kode/swap/swap/src/components/getPosts.js",
    "statementMap": {
      "0": {
        "start": {
          "line": 5,
          "column": 17
        },
        "end": {
          "line": 19,
          "column": 1
        }
      },
      "1": {
        "start": {
          "line": 6,
          "column": 27
        },
        "end": {
          "line": 6,
          "column": 39
        }
      },
      "2": {
        "start": {
          "line": 7,
          "column": 28
        },
        "end": {
          "line": 7,
          "column": 51
        }
      },
      "3": {
        "start": {
          "line": 8,
          "column": 1
        },
        "end": {
          "line": 16,
          "column": 8
        }
      },
      "4": {
        "start": {
          "line": 9,
          "column": 19
        },
        "end": {
          "line": 13,
          "column": 3
        }
      },
      "5": {
        "start": {
          "line": 10,
          "column": 13
        },
        "end": {
          "line": 10,
          "column": 68
        }
      },
      "6": {
        "start": {
          "line": 11,
          "column": 16
        },
        "end": {
          "line": 11,
          "column": 32
        }
      },
      "7": {
        "start": {
          "line": 12,
          "column": 3
        },
        "end": {
          "line": 12,
          "column": 69
        }
      },
      "8": {
        "start": {
          "line": 12,
          "column": 36
        },
        "end": {
          "line": 12,
          "column": 65
        }
      },
      "9": {
        "start": {
          "line": 15,
          "column": 2
        },
        "end": {
          "line": 15,
          "column": 13
        }
      },
      "10": {
        "start": {
          "line": 18,
          "column": 1
        },
        "end": {
          "line": 18,
          "column": 14
        }
      }
    },
    "fnMap": {
      "0": {
        "name": "(anonymous_0)",
        "decl": {
          "start": {
            "line": 5,
            "column": 17
          },
          "end": {
            "line": 5,
            "column": 18
          }
        },
        "loc": {
          "start": {
            "line": 5,
            "column": 23
          },
          "end": {
            "line": 19,
            "column": 1
          }
        },
        "line": 5
      },
      "1": {
        "name": "(anonymous_1)",
        "decl": {
          "start": {
            "line": 8,
            "column": 11
          },
          "end": {
            "line": 8,
            "column": 12
          }
        },
        "loc": {
          "start": {
            "line": 8,
            "column": 17
          },
          "end": {
            "line": 16,
            "column": 2
          }
        },
        "line": 8
      },
      "2": {
        "name": "(anonymous_2)",
        "decl": {
          "start": {
            "line": 9,
            "column": 19
          },
          "end": {
            "line": 9,
            "column": 20
          }
        },
        "loc": {
          "start": {
            "line": 9,
            "column": 31
          },
          "end": {
            "line": 13,
            "column": 3
          }
        },
        "line": 9
      },
      "3": {
        "name": "(anonymous_3)",
        "decl": {
          "start": {
            "line": 12,
            "column": 26
          },
          "end": {
            "line": 12,
            "column": 27
          }
        },
        "loc": {
          "start": {
            "line": 12,
            "column": 36
          },
          "end": {
            "line": 12,
            "column": 65
          }
        },
        "line": 12
      }
    },
    "branchMap": {},
    "s": {
      "0": 10,
      "1": 38,
      "2": 38,
      "3": 38,
      "4": 13,
      "5": 13,
      "6": 13,
      "7": 6,
      "8": 12,
      "9": 13,
      "10": 38,
      "11": 4,
      "12": 2,
      "13": 2,
      "14": 2,
      "15": 1,
      "16": 1,
      "17": 1,
      "18": 0,
      "19": 0,
      "20": 1,
      "21": 2
    },
    "f": {
      "0": 38,
      "1": 13,
      "2": 13,
      "3": 12,
      "4": 2,
      "5": 1,
      "6": 1,
      "7": 0
    },
    "b": {},
    "_coverageSchema": "1a1c01bbd47fc00a2c39e90264f33305004495a9",
    "hash": "5ea55e5df32804c1ce96e2dea7d68a72eaf1e624"
  },
  "/Users/idamatre/Documents/Var22/PU/kode/swap/swap/src/components/NameAvatar.js": {
    "path": "/Users/idamatre/Documents/Var22/PU/kode/swap/swap/src/components/NameAvatar.js",
    "statementMap": {
      "0": {
        "start": {
          "line": 5,
          "column": 1
        },
        "end": {
          "line": 15,
          "column": 4
        }
      },
      "1": {
        "start": {
          "line": 6,
          "column": 2
        },
        "end": {
          "line": 15,
          "column": 4
        }
      },
      "2": {
        "start": {
          "line": 18,
          "column": 13
        },
        "end": {
          "line": 18,
          "column": 14
        }
      },
      "3": {
        "start": {
          "line": 22,
          "column": 2
        },
        "end": {
          "line": 24,
          "column": 3
        }
      },
      "4": {
        "start": {
          "line": 23,
          "column": 3
        },
        "end": {
          "line": 23,
          "column": 54
        }
      },
      "5": {
        "start": {
          "line": 26,
          "column": 14
        },
        "end": {
          "line": 26,
          "column": 17
        }
      },
      "6": {
        "start": {
          "line": 28,
          "column": 2
        },
        "end": {
          "line": 31,
          "column": 3
        }
      },
      "7": {
        "start": {
          "line": 29,
          "column": 17
        },
        "end": {
          "line": 29,
          "column": 41
        }
      },
      "8": {
        "start": {
          "line": 30,
          "column": 3
        },
        "end": {
          "line": 30,
          "column": 49
        }
      },
      "9": {
        "start": {
          "line": 34,
          "column": 2
        },
        "end": {
          "line": 34,
          "column": 15
        }
      },
      "10": {
        "start": {
          "line": 38,
          "column": 2
        },
        "end": {
          "line": 46,
          "column": 4
        }
      },
      "11": {
        "start": {
          "line": 49,
          "column": 17
        },
        "end": {
          "line": 49,
          "column": 45
        }
      },
      "12": {
        "start": {
          "line": 51,
          "column": 1
        },
        "end": {
          "line": 51,
          "column": 75
        }
      },
      "13": {
        "start": {
          "line": 51,
          "column": 27
        },
        "end": {
          "line": 51,
          "column": 75
        }
      },
      "14": {
        "start": {
          "line": 52,
          "column": 1
        },
        "end": {
          "line": 62,
          "column": 3
        }
      }
    },
    "fnMap": {
      "0": {
        "name": "NameAvatar",
        "decl": {
          "start": {
            "line": 4,
            "column": 24
          },
          "end": {
            "line": 4,
            "column": 34
          }
        },
        "loc": {
          "start": {
            "line": 4,
            "column": 42
          },
          "end": {
            "line": 63,
            "column": 1
          }
        },
        "line": 4
      },
      "1": {
        "name": "stringToColor",
        "decl": {
          "start": {
            "line": 17,
            "column": 10
          },
          "end": {
            "line": 17,
            "column": 23
          }
        },
        "loc": {
          "start": {
            "line": 17,
            "column": 32
          },
          "end": {
            "line": 35,
            "column": 2
          }
        },
        "line": 17
      },
      "2": {
        "name": "stringAvatar",
        "decl": {
          "start": {
            "line": 37,
            "column": 10
          },
          "end": {
            "line": 37,
            "column": 22
          }
        },
        "loc": {
          "start": {
            "line": 37,
            "column": 29
          },
          "end": {
            "line": 47,
            "column": 2
          }
        },
        "line": 37
      }
    },
    "branchMap": {
      "0": {
        "loc": {
          "start": {
            "line": 5,
            "column": 1
          },
          "end": {
            "line": 15,
            "column": 4
          }
        },
        "type": "if",
        "locations": [
          {
            "start": {
              "line": 5,
              "column": 1
            },
            "end": {
              "line": 15,
              "column": 4
            }
          },
          {
            "start": {
              "line": 5,
              "column": 1
            },
            "end": {
              "line": 15,
              "column": 4
            }
          }
        ],
        "line": 5
      },
      "1": {
        "loc": {
          "start": {
            "line": 51,
            "column": 1
          },
          "end": {
            "line": 51,
            "column": 75
          }
        },
        "type": "if",
        "locations": [
          {
            "start": {
              "line": 51,
              "column": 1
            },
            "end": {
              "line": 51,
              "column": 75
            }
          },
          {
            "start": {
              "line": 51,
              "column": 1
            },
            "end": {
              "line": 51,
              "column": 75
            }
          }
        ],
        "line": 51
      }
    },
    "s": {
      "0": 28,
      "1": 0,
      "2": 28,
      "3": 28,
      "4": 296,
      "5": 28,
      "6": 28,
      "7": 84,
      "8": 84,
      "9": 28,
      "10": 24,
      "11": 28,
      "12": 28,
      "13": 24,
      "14": 4
    },
    "f": {
      "0": 28,
      "1": 28,
      "2": 24
    },
    "b": {
      "0": [
        0,
        28
      ],
      "1": [
        24,
        4
      ]
    },
    "_coverageSchema": "1a1c01bbd47fc00a2c39e90264f33305004495a9",
    "hash": "d0c5efc0efae0b36486e212cb56aa07e11812af4"
  },
  "/Users/idamatre/Documents/Var22/PU/kode/swap/swap/src/components/Contact.js": {
    "path": "/Users/idamatre/Documents/Var22/PU/kode/swap/swap/src/components/Contact.js",
    "statementMap": {
      "0": {
        "start": {
          "line": 12,
          "column": 14
        },
        "end": {
          "line": 22,
          "column": 1
        }
      },
      "1": {
        "start": {
          "line": 25,
          "column": 19
        },
        "end": {
          "line": 25,
          "column": 34
        }
      },
      "2": {
        "start": {
          "line": 26,
          "column": 1
        },
        "end": {
          "line": 26,
          "column": 24
        }
      },
      "3": {
        "start": {
          "line": 28,
          "column": 18
        },
        "end": {
          "line": 28,
          "column": 36
        }
      },
      "4": {
        "start": {
          "line": 30,
          "column": 14
        },
        "end": {
          "line": 30,
          "column": 38
        }
      },
      "5": {
        "start": {
          "line": 31,
          "column": 13
        },
        "end": {
          "line": 31,
          "column": 63
        }
      },
      "6": {
        "start": {
          "line": 32,
          "column": 15
        },
        "end": {
          "line": 32,
          "column": 64
        }
      },
      "7": {
        "start": {
          "line": 33,
          "column": 14
        },
        "end": {
          "line": 33,
          "column": 65
        }
      },
      "8": {
        "start": {
          "line": 35,
          "column": 15
        },
        "end": {
          "line": 54,
          "column": 2
        }
      },
      "9": {
        "start": {
          "line": 36,
          "column": 2
        },
        "end": {
          "line": 53,
          "column": 4
        }
      },
      "10": {
        "start": {
          "line": 56,
          "column": 25
        },
        "end": {
          "line": 56,
          "column": 46
        }
      },
      "11": {
        "start": {
          "line": 57,
          "column": 20
        },
        "end": {
          "line": 57,
          "column": 39
        }
      },
      "12": {
        "start": {
          "line": 57,
          "column": 26
        },
        "end": {
          "line": 57,
          "column": 39
        }
      },
      "13": {
        "start": {
          "line": 58,
          "column": 21
        },
        "end": {
          "line": 58,
          "column": 41
        }
      },
      "14": {
        "start": {
          "line": 58,
          "column": 27
        },
        "end": {
          "line": 58,
          "column": 41
        }
      },
      "15": {
        "start": {
          "line": 60,
          "column": 1
        },
        "end": {
          "line": 111,
          "column": 3
        }
      }
    },
    "fnMap": {
      "0": {
        "name": "Contact",
        "decl": {
          "start": {
            "line": 24,
            "column": 9
          },
          "end": {
            "line": 24,
            "column": 16
          }
        },
        "loc": {
          "start": {
            "line": 24,
            "column": 23
          },
          "end": {
            "line": 112,
            "column": 1
          }
        },
        "line": 24
      },
      "1": {
        "name": "(anonymous_1)",
        "decl": {
          "start": {
            "line": 35,
            "column": 15
          },
          "end": {
            "line": 35,
            "column": 16
          }
        },
        "loc": {
          "start": {
            "line": 35,
            "column": 21
          },
          "end": {
            "line": 54,
            "column": 2
          }
        },
        "line": 35
      },
      "2": {
        "name": "(anonymous_2)",
        "decl": {
          "start": {
            "line": 57,
            "column": 20
          },
          "end": {
            "line": 57,
            "column": 21
          }
        },
        "loc": {
          "start": {
            "line": 57,
            "column": 26
          },
          "end": {
            "line": 57,
            "column": 39
          }
        },
        "line": 57
      },
      "3": {
        "name": "(anonymous_3)",
        "decl": {
          "start": {
            "line": 58,
            "column": 21
          },
          "end": {
            "line": 58,
            "column": 22
          }
        },
        "loc": {
          "start": {
            "line": 58,
            "column": 27
          },
          "end": {
            "line": 58,
            "column": 41
          }
        },
        "line": 58
      }
    },
    "branchMap": {
      "0": {
        "loc": {
          "start": {
            "line": 39,
            "column": 12
          },
          "end": {
            "line": 39,
            "column": 51
          }
        },
        "type": "cond-expr",
        "locations": [
          {
            "start": {
              "line": 39,
              "column": 23
            },
            "end": {
              "line": 39,
              "column": 37
            }
          },
          {
            "start": {
              "line": 39,
              "column": 40
            },
            "end": {
              "line": 39,
              "column": 51
            }
          }
        ],
        "line": 39
      },
      "1": {
        "loc": {
          "start": {
            "line": 42,
            "column": 9
          },
          "end": {
            "line": 42,
            "column": 42
          }
        },
        "type": "cond-expr",
        "locations": [
          {
            "start": {
              "line": 42,
              "column": 20
            },
            "end": {
              "line": 42,
              "column": 29
            }
          },
          {
            "start": {
              "line": 42,
              "column": 32
            },
            "end": {
              "line": 42,
              "column": 42
            }
          }
        ],
        "line": 42
      }
    },
    "s": {
      "0": 10,
      "1": 24,
      "2": 24,
      "3": 24,
      "4": 24,
      "5": 24,
      "6": 24,
      "7": 24,
      "8": 24,
      "9": 0,
      "10": 24,
      "11": 24,
      "12": 0,
      "13": 24,
      "14": 0,
      "15": 24
    },
    "f": {
      "0": 24,
      "1": 0,
      "2": 0,
      "3": 0
    },
    "b": {
      "0": [
        0,
        0
      ],
      "1": [
        0,
        0
      ]
    },
    "_coverageSchema": "1a1c01bbd47fc00a2c39e90264f33305004495a9",
    "hash": "a7731c91710c872cd3f0042a8be7244acc935be0"
  },
  "/Users/idamatre/Documents/Var22/PU/kode/swap/swap/src/components/AdCard.js": {
    "path": "/Users/idamatre/Documents/Var22/PU/kode/swap/swap/src/components/AdCard.js",
    "statementMap": {
      "0": {
        "start": {
          "line": 13,
          "column": 13
        },
        "end": {
          "line": 13,
          "column": 76
        }
      },
      "1": {
        "start": {
          "line": 14,
          "column": 14
        },
        "end": {
          "line": 14,
          "column": 73
        }
      },
      "2": {
        "start": {
          "line": 16,
          "column": 18
        },
        "end": {
          "line": 16,
          "column": 37
        }
      },
      "3": {
        "start": {
          "line": 18,
          "column": 14
        },
        "end": {
          "line": 18,
          "column": 39
        }
      },
      "4": {
        "start": {
          "line": 19,
          "column": 13
        },
        "end": {
          "line": 19,
          "column": 63
        }
      },
      "5": {
        "start": {
          "line": 20,
          "column": 15
        },
        "end": {
          "line": 20,
          "column": 64
        }
      },
      "6": {
        "start": {
          "line": 21,
          "column": 14
        },
        "end": {
          "line": 21,
          "column": 65
        }
      },
      "7": {
        "start": {
          "line": 23,
          "column": 15
        },
        "end": {
          "line": 42,
          "column": 2
        }
      },
      "8": {
        "start": {
          "line": 24,
          "column": 2
        },
        "end": {
          "line": 41,
          "column": 4
        }
      },
      "9": {
        "start": {
          "line": 44,
          "column": 15
        },
        "end": {
          "line": 50,
          "column": 2
        }
      },
      "10": {
        "start": {
          "line": 45,
          "column": 2
        },
        "end": {
          "line": 49,
          "column": 4
        }
      },
      "11": {
        "start": {
          "line": 52,
          "column": 1
        },
        "end": {
          "line": 132,
          "column": 3
        }
      }
    },
    "fnMap": {
      "0": {
        "name": "AdCard",
        "decl": {
          "start": {
            "line": 12,
            "column": 9
          },
          "end": {
            "line": 12,
            "column": 15
          }
        },
        "loc": {
          "start": {
            "line": 12,
            "column": 23
          },
          "end": {
            "line": 133,
            "column": 1
          }
        },
        "line": 12
      },
      "1": {
        "name": "(anonymous_1)",
        "decl": {
          "start": {
            "line": 23,
            "column": 15
          },
          "end": {
            "line": 23,
            "column": 16
          }
        },
        "loc": {
          "start": {
            "line": 23,
            "column": 21
          },
          "end": {
            "line": 42,
            "column": 2
          }
        },
        "line": 23
      },
      "2": {
        "name": "(anonymous_2)",
        "decl": {
          "start": {
            "line": 44,
            "column": 15
          },
          "end": {
            "line": 44,
            "column": 16
          }
        },
        "loc": {
          "start": {
            "line": 44,
            "column": 21
          },
          "end": {
            "line": 50,
            "column": 2
          }
        },
        "line": 44
      }
    },
    "branchMap": {
      "0": {
        "loc": {
          "start": {
            "line": 13,
            "column": 13
          },
          "end": {
            "line": 13,
            "column": 76
          }
        },
        "type": "cond-expr",
        "locations": [
          {
            "start": {
              "line": 13,
              "column": 41
            },
            "end": {
              "line": 13,
              "column": 53
            }
          },
          {
            "start": {
              "line": 13,
              "column": 56
            },
            "end": {
              "line": 13,
              "column": 76
            }
          }
        ],
        "line": 13
      },
      "1": {
        "loc": {
          "start": {
            "line": 14,
            "column": 14
          },
          "end": {
            "line": 14,
            "column": 73
          }
        },
        "type": "cond-expr",
        "locations": [
          {
            "start": {
              "line": 14,
              "column": 42
            },
            "end": {
              "line": 14,
              "column": 54
            }
          },
          {
            "start": {
              "line": 14,
              "column": 57
            },
            "end": {
              "line": 14,
              "column": 73
            }
          }
        ],
        "line": 14
      },
      "2": {
        "loc": {
          "start": {
            "line": 27,
            "column": 12
          },
          "end": {
            "line": 27,
            "column": 51
          }
        },
        "type": "cond-expr",
        "locations": [
          {
            "start": {
              "line": 27,
              "column": 23
            },
            "end": {
              "line": 27,
              "column": 37
            }
          },
          {
            "start": {
              "line": 27,
              "column": 40
            },
            "end": {
              "line": 27,
              "column": 51
            }
          }
        ],
        "line": 27
      },
      "3": {
        "loc": {
          "start": {
            "line": 30,
            "column": 9
          },
          "end": {
            "line": 30,
            "column": 42
          }
        },
        "type": "cond-expr",
        "locations": [
          {
            "start": {
              "line": 30,
              "column": 20
            },
            "end": {
              "line": 30,
              "column": 29
            }
          },
          {
            "start": {
              "line": 30,
              "column": 32
            },
            "end": {
              "line": 30,
              "column": 42
            }
          }
        ],
        "line": 30
      },
      "4": {
        "loc": {
          "start": {
            "line": 47,
            "column": 5
          },
          "end": {
            "line": 47,
            "column": 45
          }
        },
        "type": "cond-expr",
        "locations": [
          {
            "start": {
              "line": 47,
              "column": 16
            },
            "end": {
              "line": 47,
              "column": 18
            }
          },
          {
            "start": {
              "line": 47,
              "column": 21
            },
            "end": {
              "line": 47,
              "column": 45
            }
          }
        ],
        "line": 47
      },
      "5": {
        "loc": {
          "start": {
            "line": 125,
            "column": 7
          },
          "end": {
            "line": 127,
            "column": 7
          }
        },
        "type": "binary-expr",
        "locations": [
          {
            "start": {
              "line": 125,
              "column": 7
            },
            "end": {
              "line": 125,
              "column": 77
            }
          },
          {
            "start": {
              "line": 126,
              "column": 7
            },
            "end": {
              "line": 126,
              "column": 44
            }
          }
        ],
        "line": 125
      },
      "6": {
        "loc": {
          "start": {
            "line": 125,
            "column": 9
          },
          "end": {
            "line": 125,
            "column": 76
          }
        },
        "type": "binary-expr",
        "locations": [
          {
            "start": {
              "line": 125,
              "column": 9
            },
            "end": {
              "line": 125,
              "column": 34
            }
          },
          {
            "start": {
              "line": 125,
              "column": 38
            },
            "end": {
              "line": 125,
              "column": 51
            }
          },
          {
            "start": {
              "line": 125,
              "column": 55
            },
            "end": {
              "line": 125,
              "column": 76
            }
          }
        ],
        "line": 125
      }
    },
    "s": {
      "0": 24,
      "1": 24,
      "2": 24,
      "3": 24,
      "4": 24,
      "5": 24,
      "6": 24,
      "7": 24,
      "8": 24,
      "9": 24,
      "10": 24,
      "11": 24
    },
    "f": {
      "0": 24,
      "1": 24,
      "2": 24
    },
    "b": {
      "0": [
        0,
        24
      ],
      "1": [
        0,
        24
      ],
      "2": [
        18,
        6
      ],
      "3": [
        18,
        6
      ],
      "4": [
        18,
        6
      ],
      "5": [
        24,
        24
      ],
      "6": [
        24,
        24,
        24
      ]
    },
    "_coverageSchema": "1a1c01bbd47fc00a2c39e90264f33305004495a9",
    "hash": "0fe3e7212550db0b5ec8bfb86b0b7b5bd5f1d703"
  },
  "/Users/idamatre/Documents/Var22/PU/kode/swap/swap/src/components/PostContainer.js": {
    "path": "/Users/idamatre/Documents/Var22/PU/kode/swap/swap/src/components/PostContainer.js",
    "statementMap": {
      "0": {
        "start": {
          "line": 6,
          "column": 1
        },
        "end": {
          "line": 36,
          "column": 3
        }
      },
      "1": {
        "start": {
          "line": 32,
          "column": 5
        },
        "end": {
          "line": 32,
          "column": 47
        }
      }
    },
    "fnMap": {
      "0": {
        "name": "PostContainer",
        "decl": {
          "start": {
            "line": 5,
            "column": 24
          },
          "end": {
            "line": 5,
            "column": 37
          }
        },
        "loc": {
          "start": {
            "line": 5,
            "column": 45
          },
          "end": {
            "line": 37,
            "column": 1
          }
        },
        "line": 5
      },
      "1": {
        "name": "(anonymous_1)",
        "decl": {
          "start": {
            "line": 31,
            "column": 21
          },
          "end": {
            "line": 31,
            "column": 22
          }
        },
        "loc": {
          "start": {
            "line": 31,
            "column": 38
          },
          "end": {
            "line": 33,
            "column": 5
          }
        },
        "line": 31
      }
    },
    "branchMap": {
      "0": {
        "loc": {
          "start": {
            "line": 6,
            "column": 8
          },
          "end": {
            "line": 36,
            "column": 2
          }
        },
        "type": "cond-expr",
        "locations": [
          {
            "start": {
              "line": 6,
              "column": 25
            },
            "end": {
              "line": 6,
              "column": 29
            }
          },
          {
            "start": {
              "line": 7,
              "column": 2
            },
            "end": {
              "line": 35,
              "column": 14
            }
          }
        ],
        "line": 6
      }
    },
    "s": {
      "0": 40,
      "1": 24
    },
    "f": {
      "0": 40,
      "1": 24
    },
    "b": {
      "0": [
        0,
        40
      ]
    },
    "_coverageSchema": "1a1c01bbd47fc00a2c39e90264f33305004495a9",
    "hash": "a3c0e257870e1d0fd0b6312f8e1d6f96068590a0"
  },
  "/Users/idamatre/Documents/Var22/PU/kode/swap/swap/src/pages/CardOverview.js": {
    "path": "/Users/idamatre/Documents/Var22/PU/kode/swap/swap/src/pages/CardOverview.js",
    "statementMap": {
      "0": {
        "start": {
          "line": 8,
          "column": 1
        },
        "end": {
          "line": 23,
          "column": 3
        }
      }
    },
    "fnMap": {
      "0": {
        "name": "CardOverview",
        "decl": {
          "start": {
            "line": 7,
            "column": 24
          },
          "end": {
            "line": 7,
            "column": 36
          }
        },
        "loc": {
          "start": {
            "line": 7,
            "column": 39
          },
          "end": {
            "line": 24,
            "column": 1
          }
        },
        "line": 7
      }
    },
    "branchMap": {},
    "s": {
      "0": 32
    },
    "f": {
      "0": 32
    },
    "b": {},
    "_coverageSchema": "1a1c01bbd47fc00a2c39e90264f33305004495a9",
    "hash": "98adb53990bf09d1fc53b513aa4d556ad84c29e1"
  },
  "/Users/idamatre/Documents/Var22/PU/kode/swap/swap/src/components/Profile.js": {
    "path": "/Users/idamatre/Documents/Var22/PU/kode/swap/swap/src/components/Profile.js",
    "statementMap": {
      "0": {
        "start": {
          "line": 12,
          "column": 16
        },
        "end": {
          "line": 67,
          "column": 1
        }
      },
      "1": {
        "start": {
          "line": 13,
          "column": 25
        },
        "end": {
          "line": 13,
          "column": 29
        }
      },
      "2": {
        "start": {
          "line": 15,
          "column": 14
        },
        "end": {
          "line": 15,
          "column": 75
        }
      },
      "3": {
        "start": {
          "line": 16,
          "column": 15
        },
        "end": {
          "line": 16,
          "column": 70
        }
      },
      "4": {
        "start": {
          "line": 18,
          "column": 21
        },
        "end": {
          "line": 20,
          "column": 2
        }
      },
      "5": {
        "start": {
          "line": 19,
          "column": 2
        },
        "end": {
          "line": 19,
          "column": 9
        }
      },
      "6": {
        "start": {
          "line": 22,
          "column": 1
        },
        "end": {
          "line": 66,
          "column": 3
        }
      }
    },
    "fnMap": {
      "0": {
        "name": "(anonymous_0)",
        "decl": {
          "start": {
            "line": 12,
            "column": 16
          },
          "end": {
            "line": 12,
            "column": 17
          }
        },
        "loc": {
          "start": {
            "line": 12,
            "column": 22
          },
          "end": {
            "line": 67,
            "column": 1
          }
        },
        "line": 12
      },
      "1": {
        "name": "(anonymous_1)",
        "decl": {
          "start": {
            "line": 18,
            "column": 21
          },
          "end": {
            "line": 18,
            "column": 22
          }
        },
        "loc": {
          "start": {
            "line": 18,
            "column": 27
          },
          "end": {
            "line": 20,
            "column": 2
          }
        },
        "line": 18
      }
    },
    "branchMap": {
      "0": {
        "loc": {
          "start": {
            "line": 15,
            "column": 14
          },
          "end": {
            "line": 15,
            "column": 75
          }
        },
        "type": "cond-expr",
        "locations": [
          {
            "start": {
              "line": 15,
              "column": 37
            },
            "end": {
              "line": 15,
              "column": 49
            }
          },
          {
            "start": {
              "line": 15,
              "column": 52
            },
            "end": {
              "line": 15,
              "column": 75
            }
          }
        ],
        "line": 15
      },
      "1": {
        "loc": {
          "start": {
            "line": 16,
            "column": 15
          },
          "end": {
            "line": 16,
            "column": 70
          }
        },
[...]
          "line": 66,
          "column": 54
        }
      },
      "27": {
        "start": {
          "line": 67,
          "column": 7
        },
        "end": {
          "line": 67,
          "column": 33
        }
      },
      "28": {
        "start": {
          "line": 69,
          "column": 15
        },
        "end": {
          "line": 69,
          "column": 31
        }
      },
      "29": {
        "start": {
          "line": 70,
          "column": 2
        },
        "end": {
          "line": 70,
          "column": 39
        }
      },
      "30": {
        "start": {
          "line": 71,
          "column": 2
        },
        "end": {
          "line": 71,
          "column": 23
        }
      },
      "31": {
        "start": {
          "line": 72,
          "column": 2
        },
        "end": {
          "line": 72,
          "column": 21
        }
      },
      "32": {
        "start": {
          "line": 75,
          "column": 24
        },
        "end": {
          "line": 100,
          "column": 2
        }
      },
      "33": {
        "start": {
          "line": 76,
          "column": 2
        },
        "end": {
          "line": 76,
          "column": 21
        }
      },
      "34": {
        "start": {
          "line": 78,
          "column": 17
        },
        "end": {
          "line": 78,
          "column": 33
        }
      },
      "35": {
        "start": {
          "line": 79,
          "column": 2
        },
        "end": {
          "line": 79,
          "column": 38
        }
      },
      "36": {
        "start": {
          "line": 80,
          "column": 2
        },
        "end": {
          "line": 80,
          "column": 23
        }
      },
      "37": {
        "start": {
          "line": 81,
          "column": 2
        },
        "end": {
          "line": 99,
          "column": 3
        }
      },
      "38": {
        "start": {
          "line": 82,
          "column": 19
        },
        "end": {
          "line": 82,
          "column": 39
        }
      },
      "39": {
        "start": {
          "line": 83,
          "column": 23
        },
        "end": {
          "line": 83,
          "column": 46
        }
      },
      "40": {
        "start": {
          "line": 84,
          "column": 3
        },
        "end": {
          "line": 98,
          "column": 4
        }
      },
      "41": {
        "start": {
          "line": 85,
          "column": 21
        },
        "end": {
          "line": 89,
          "column": 5
        }
      },
      "42": {
        "start": {
          "line": 90,
          "column": 4
        },
        "end": {
          "line": 92,
          "column": 7
        }
      },
      "43": {
        "start": {
          "line": 93,
          "column": 4
        },
        "end": {
          "line": 93,
          "column": 26
        }
      },
      "44": {
        "start": {
          "line": 94,
          "column": 4
        },
        "end": {
          "line": 94,
          "column": 81
        }
      },
      "45": {
        "start": {
          "line": 95,
          "column": 4
        },
        "end": {
          "line": 95,
          "column": 36
        }
      },
      "46": {
        "start": {
          "line": 97,
          "column": 4
        },
        "end": {
          "line": 97,
          "column": 32
        }
      },
      "47": {
        "start": {
          "line": 102,
          "column": 21
        },
        "end": {
          "line": 104,
          "column": 2
        }
      },
      "48": {
        "start": {
          "line": 103,
          "column": 2
        },
        "end": {
          "line": 103,
          "column": 21
        }
      },
      "49": {
        "start": {
          "line": 106,
          "column": 23
        },
        "end": {
          "line": 109,
          "column": 2
        }
      },
      "50": {
        "start": {
          "line": 107,
          "column": 23
        },
        "end": {
          "line": 107,
          "column": 44
        }
      },
      "51": {
        "start": {
          "line": 108,
          "column": 2
        },
        "end": {
          "line": 108,
          "column": 34
        }
      },
      "52": {
        "start": {
          "line": 111,
          "column": 27
        },
        "end": {
          "line": 111,
          "column": 36
        }
      },
      "53": {
        "start": {
          "line": 113,
          "column": 1
        },
        "end": {
          "line": 298,
          "column": 3
        }
      }
    },
    "fnMap": {
      "0": {
        "name": "(anonymous_0)",
        "decl": {
          "start": {
            "line": 21,
            "column": 21
          },
          "end": {
            "line": 21,
            "column": 22
          }
        },
        "loc": {
          "start": {
            "line": 21,
            "column": 27
          },
          "end": {
            "line": 299,
            "column": 1
          }
        },
        "line": 21
      },
      "1": {
        "name": "(anonymous_1)",
        "decl": {
          "start": {
            "line": 35,
            "column": 26
          },
          "end": {
            "line": 35,
            "column": 27
          }
        },
        "loc": {
          "start": {
            "line": 35,
            "column": 43
          },
          "end": {
            "line": 37,
            "column": 2
          }
        },
        "line": 35
      },
      "2": {
        "name": "(anonymous_2)",
        "decl": {
          "start": {
            "line": 46,
            "column": 18
          },
          "end": {
            "line": 46,
            "column": 19
          }
        },
        "loc": {
          "start": {
            "line": 46,
            "column": 24
          },
          "end": {
            "line": 54,
            "column": 2
          }
        },
        "line": 46
      },
      "3": {
        "name": "(anonymous_3)",
        "decl": {
          "start": {
            "line": 56,
            "column": 26
          },
          "end": {
            "line": 56,
            "column": 27
          }
        },
        "loc": {
          "start": {
            "line": 56,
            "column": 47
          },
          "end": {
            "line": 61,
            "column": 2
          }
        },
        "line": 56
      },
      "4": {
        "name": "(anonymous_4)",
        "decl": {
          "start": {
            "line": 63,
            "column": 22
          },
          "end": {
            "line": 63,
            "column": 23
          }
        },
        "loc": {
          "start": {
            "line": 63,
            "column": 52
          },
          "end": {
            "line": 73,
            "column": 2
          }
        },
        "line": 63
      },
      "5": {
        "name": "(anonymous_5)",
        "decl": {
          "start": {
            "line": 75,
            "column": 24
          },
          "end": {
            "line": 75,
            "column": 25
          }
        },
        "loc": {
          "start": {
            "line": 75,
            "column": 37
          },
          "end": {
            "line": 100,
            "column": 2
          }
        },
        "line": 75
      },
      "6": {
        "name": "(anonymous_6)",
        "decl": {
          "start": {
            "line": 102,
            "column": 21
          },
          "end": {
            "line": 102,
            "column": 22
          }
        },
        "loc": {
          "start": {
            "line": 102,
            "column": 27
          },
          "end": {
            "line": 104,
            "column": 2
          }
        },
        "line": 102
      },
      "7": {
        "name": "(anonymous_7)",
        "decl": {
          "start": {
            "line": 106,
            "column": 23
          },
          "end": {
            "line": 106,
            "column": 24
          }
        },
        "loc": {
          "start": {
            "line": 106,
            "column": 29
          },
          "end": {
            "line": 109,
            "column": 2
          }
        },
        "line": 106
      }
    },
    "branchMap": {
      "0": {
        "loc": {
          "start": {
            "line": 49,
            "column": 2
          },
          "end": {
            "line": 49,
            "column": 26
          }
        },
        "type": "if",
        "locations": [
          {
            "start": {
              "line": 49,
              "column": 2
            },
            "end": {
              "line": 49,
              "column": 26
            }
          },
          {
            "start": {
              "line": 49,
              "column": 2
            },
            "end": {
              "line": 49,
              "column": 26
            }
          }
        ],
        "line": 49
      },
      "1": {
        "loc": {
          "start": {
            "line": 60,
            "column": 9
          },
          "end": {
            "line": 60,
            "column": 48
          }
        },
        "type": "cond-expr",
        "locations": [
          {
            "start": {
              "line": 60,
              "column": 17
            },
            "end": {
              "line": 60,
              "column": 41
            }
          },
          {
            "start": {
              "line": 60,
              "column": 44
            },
            "end": {
              "line": 60,
              "column": 48
            }
          }
        ],
        "line": 60
      },
      "2": {
        "loc": {
          "start": {
            "line": 66,
            "column": 2
          },
          "end": {
            "line": 67,
            "column": 33
          }
        },
        "type": "if",
        "locations": [
          {
            "start": {
              "line": 66,
              "column": 2
            },
            "end": {
              "line": 67,
              "column": 33
            }
          },
          {
            "start": {
              "line": 66,
              "column": 2
            },
            "end": {
              "line": 67,
              "column": 33
            }
          }
        ],
        "line": 66
      },
      "3": {
        "loc": {
          "start": {
            "line": 79,
            "column": 21
          },
          "end": {
            "line": 79,
            "column": 37
          }
        },
        "type": "binary-expr",
        "locations": [
          {
            "start": {
              "line": 79,
              "column": 21
            },
            "end": {
              "line": 79,
              "column": 31
            }
          },
          {
            "start": {
              "line": 79,
              "column": 35
            },
            "end": {
              "line": 79,
              "column": 37
            }
          }
        ],
        "line": 79
      },
      "4": {
        "loc": {
          "start": {
            "line": 81,
            "column": 2
          },
          "end": {
            "line": 99,
            "column": 3
          }
        },
        "type": "if",
        "locations": [
          {
            "start": {
              "line": 81,
              "column": 2
            },
            "end": {
              "line": 99,
              "column": 3
            }
          },
          {
            "start": {
              "line": 81,
              "column": 2
            },
            "end": {
              "line": 99,
              "column": 3
            }
          }
        ],
        "line": 81
      },
      "5": {
        "loc": {
          "start": {
            "line": 149,
            "column": 5
          },
          "end": {
            "line": 161,
            "column": 5
          }
        },
        "type": "binary-expr",
        "locations": [
          {
            "start": {
              "line": 149,
              "column": 5
            },
            "end": {
              "line": 149,
              "column": 17
            }
          },
          {
            "start": {
              "line": 150,
              "column": 5
            },
            "end": {
              "line": 160,
              "column": 18
            }
          }
        ],
        "line": 149
      },
      "6": {
        "loc": {
          "start": {
            "line": 167,
            "column": 11
          },
          "end": {
            "line": 167,
            "column": 53
          }
        },
        "type": "cond-expr",
        "locations": [
          {
            "start": {
              "line": 167,
              "column": 34
            },
            "end": {
              "line": 167,
              "column": 40
            }
          },
          {
            "start": {
              "line": 167,
              "column": 43
            },
            "end": {
              "line": 167,
              "column": 53
            }
          }
        ],
        "line": 167
      },
      "7": {
        "loc": {
          "start": {
            "line": 171,
            "column": 9
          },
          "end": {
            "line": 181,
            "column": 9
          }
        },
        "type": "cond-expr",
        "locations": [
          {
            "start": {
              "line": 172,
              "column": 9
            },
            "end": {
              "line": 175,
              "column": 11
            }
          },
          {
            "start": {
              "line": 177,
              "column": 9
            },
            "end": {
              "line": 180,
              "column": 11
            }
          }
        ],
        "line": 171
      },
      "8": {
        "loc": {
          "start": {
            "line": 190,
            "column": 5
          },
          "end": {
            "line": 202,
            "column": 5
          }
        },
        "type": "binary-expr",
        "locations": [
          {
            "start": {
              "line": 190,
              "column": 5
            },
            "end": {
              "line": 190,
              "column": 20
            }
          },
          {
            "start": {
              "line": 191,
              "column": 5
            },
            "end": {
              "line": 201,
              "column": 18
            }
          }
        ],
        "line": 190
      },
      "9": {
        "loc": {
          "start": {
            "line": 219,
            "column": 5
          },
          "end": {
            "line": 231,
            "column": 5
          }
        },
        "type": "binary-expr",
        "locations": [
          {
            "start": {
              "line": 219,
              "column": 5
            },
            "end": {
              "line": 219,
              "column": 16
            }
          },
          {
            "start": {
              "line": 220,
              "column": 5
            },
            "end": {
              "line": 230,
              "column": 18
            }
          }
        ],
        "line": 219
      },
      "10": {
        "loc": {
          "start": {
            "line": 248,
            "column": 5
          },
          "end": {
            "line": 260,
            "column": 5
          }
        },
        "type": "binary-expr",
        "locations": [
          {
            "start": {
              "line": 248,
              "column": 5
            },
            "end": {
              "line": 248,
              "column": 19
            }
          },
          {
            "start": {
              "line": 249,
              "column": 5
            },
            "end": {
              "line": 259,
              "column": 18
            }
          }
        ],
        "line": 248
      },
      "11": {
        "loc": {
          "start": {
            "line": 262,
            "column": 15
          },
          "end": {
            "line": 262,
            "column": 33
          }
        },
        "type": "binary-expr",
        "locations": [
          {
            "start": {
              "line": 262,
              "column": 15
            },
            "end": {
              "line": 262,
              "column": 25
            }
          },
          {
            "start": {
              "line": 262,
              "column": 29
            },
            "end": {
              "line": 262,
              "column": 33
            }
          }
        ],
        "line": 262
      }
    },
    "s": {
      "0": 10,
      "1": 0,
      "2": 0,
      "3": 0,
      "4": 0,
      "5": 0,
      "6": 0,
      "7": 0,
      "8": 0,
      "9": 0,
      "10": 0,
      "11": 0,
      "12": 0,
      "13": 0,
      "14": 0,
      "15": 0,
      "16": 0,
      "17": 0,
      "18": 0,
      "19": 0,
      "20": 0,
      "21": 0,
      "22": 0,
      "23": 0,
      "24": 0,
      "25": 0,
      "26": 0,
      "27": 0,
      "28": 0,
      "29": 0,
      "30": 0,
      "31": 0,
      "32": 0,
      "33": 0,
      "34": 0,
      "35": 0,
      "36": 0,
      "37": 0,
      "38": 0,
      "39": 0,
      "40": 0,
      "41": 0,
      "42": 0,
      "43": 0,
      "44": 0,
      "45": 0,
      "46": 0,
      "47": 0,
      "48": 0,
      "49": 0,
      "50": 0,
      "51": 0,
      "52": 0,
      "53": 0
    },
    "f": {
      "0": 0,
      "1": 0,
      "2": 0,
      "3": 0,
      "4": 0,
      "5": 0,
      "6": 0,
      "7": 0
    },
    "b": {
      "0": [
        0,
        0
      ],
      "1": [
        0,
        0
      ],
      "2": [
        0,
        0
      ],
      "3": [
        0,
        0
      ],
      "4": [
        0,
        0
      ],
      "5": [
        0,
        0
      ],
      "6": [
        0,
        0
      ],
      "7": [
        0,
        0
      ],
      "8": [
        0,
        0
      ],
      "9": [
        0,
        0
      ],
      "10": [
        0,
        0
      ],
      "11": [
        0,
        0
      ]
    },
    "_coverageSchema": "1a1c01bbd47fc00a2c39e90264f33305004495a9",
    "hash": "603bb962f548b17a394a772e70ce06260ce8acb7"
  },
  "/Users/idamatre/Documents/Var22/PU/kode/swap/swap/src/App.js": {
    "path": "/Users/idamatre/Documents/Var22/PU/kode/swap/swap/src/App.js",
    "statementMap": {
      "0": {
        "start": {
          "line": 14,
          "column": 1
        },
        "end": {
          "line": 83,
          "column": 3
        }
      }
    },
    "fnMap": {
      "0": {
        "name": "App",
        "decl": {
          "start": {
            "line": 13,
            "column": 24
          },
          "end": {
            "line": 13,
            "column": 27
          }
        },
        "loc": {
          "start": {
            "line": 13,
            "column": 30
          },
          "end": {
            "line": 84,
            "column": 1
          }
        },
        "line": 13
      }
    },
    "branchMap": {},
    "s": {
      "0": 20
    },
    "f": {
      "0": 20
    },
    "b": {},
    "_coverageSchema": "1a1c01bbd47fc00a2c39e90264f33305004495a9",
    "hash": "083a970024be698d169bf5715ca1cff9b5871af7"
  },
  "/Users/idamatre/Documents/Var22/PU/kode/swap/swap/src/index.js": {
    "path": "/Users/idamatre/Documents/Var22/PU/kode/swap/swap/src/index.js",
    "statementMap": {
      "0": {
        "start": {
          "line": 6,
          "column": 0
        },
        "end": {
          "line": 11,
          "column": 2
        }
      }
    },
    "fnMap": {},
    "branchMap": {},
    "s": {
      "0": 10
    },
    "f": {},
    "b": {},
    "_coverageSchema": "1a1c01bbd47fc00a2c39e90264f33305004495a9",
    "hash": "377a1eabd6d6a944bf500f1bb739358c11362516"
  }
}